<?xml version="1.0" encoding="UTF-8"?>
<!-- Generated by org.testng.reporters.JUnitReportReporter -->
<testsuite skipped="0" hostname="DESKTOP-Q4802IF" name="ApachePOI_XSSF" tests="1" failures="0" timestamp="2021-09-03T15:08:16 IST" time="0.431" errors="0">
  <testcase name="f" time="0.431" classname="ApachePOI_XSSF"/>
</testsuite> <!-- ApachePOI_XSSF -->
