<?xml version="1.0" encoding="UTF-8"?>
<!-- Generated by org.testng.reporters.JUnitReportReporter -->
<testsuite skipped="0" hostname="DESKTOP-Q4802IF" name="HeadlessBrowser" tests="1" failures="0" timestamp="2021-09-03T11:54:16 IST" time="16.569" errors="0">
  <testcase name="chromeHeadless" time="16.569" classname="HeadlessBrowser"/>
</testsuite> <!-- HeadlessBrowser -->
