<?xml version="1.0" encoding="UTF-8"?>
<!-- Generated by org.testng.reporters.JUnitReportReporter -->
<testsuite skipped="0" hostname="DESKTOP-Q4802IF" name="JavaScriptExecutor" tests="1" failures="0" timestamp="2021-09-03T15:19:29 IST" time="16.164" errors="0">
  <testcase name="jsPageScroll" time="16.164" classname="JavaScriptExecutor"/>
</testsuite> <!-- JavaScriptExecutor -->
